Arguments: 
  C:\Program Files\nodejs\node.exe C:\Users\iamvr\AppData\Roaming\npm\node_modules\yarn\bin\yarn.js

PATH: 
  C:\Users\iamvr\bin;C:\Program Files\Git\mingw64\bin;C:\Program Files\Git\usr\local\bin;C:\Program Files\Git\usr\bin;C:\Program Files\Git\usr\bin;C:\Program Files\Git\mingw64\bin;C:\Program Files\Git\usr\bin;C:\Users\iamvr\bin;C:\Program Files (x86)\Common Files\Oracle\Java\javapath;C:\WINDOWS\system32;C:\WINDOWS;C:\WINDOWS\System32\Wbem;C:\WINDOWS\System32\WindowsPowerShell\v1.0;C:\WINDOWS\System32\OpenSSH;C:\Program Files\Git\cmd;C:\codeblocks-20.03mingw-nosetup\MinGW\bin;C:\Users\iamvr\AppData\Roaming\nvm;C:\Program Files\nodejs;C:\Program Files\dotnet;C:\Program Files\MySQL\MySQL Server 8.0\bin;C:\Android;C:\Windows\System32;C:\Program Files\RabbitMQ Server\rabbitmq_server-3.12.0\sbin;C:\Program Files\MySQL\MySQL Shell 8.0\bin;C:\Users\iamvr\AppData\Local\Programs\Python\Python311\Scripts;C:\Users\iamvr\AppData\Local\Programs\Python\Python311;C:\Users\iamvr\AppData\Local\Microsoft\WindowsApps;C:\Users\iamvr\AppData\Local\Programs\Microsoft VS Code\bin;C:\Users\iamvr\AppData\Roaming\npm;C:\ProgramData\iamvr\GitHubDesktop\bin;C:\Users\iamvr\AppData\Local\GitHubDesktop\bin;C:\Users\iamvr\.dotnet\tools;C:\Users\iamvr\AppData\Local\JetBrains\Toolbox\scripts;C:\Program Files\Git\usr\bin\vendor_perl;C:\Program Files\Git\usr\bin\core_perl

Yarn version: 
  1.22.19

Node version: 
  16.20.0

Platform: 
  win32 x64

Trace: 
  Error: https://registry.yarnpkg.com/@mui/icons-material/-/icons-material-5.14.0.tgz: ESOCKETTIMEDOUT
      at ClientRequest.<anonymous> (C:\Users\iamvr\AppData\Roaming\npm\node_modules\yarn\lib\cli.js:141517:19)
      at Object.onceWrapper (node:events:627:28)
      at ClientRequest.emit (node:events:513:28)
      at TLSSocket.emitRequestTimeout (node:_http_client:839:9)
      at Object.onceWrapper (node:events:627:28)
      at TLSSocket.emit (node:events:525:35)
      at TLSSocket.Socket._onTimeout (node:net:550:8)
      at listOnTimeout (node:internal/timers:559:17)
      at processTimers (node:internal/timers:502:7)

npm manifest: 
  {
    "name": "food-delivery",
    "version": "0.1.0",
    "private": true,
    "dependencies": {
      "@emotion/react": "^11.11.0",
      "@emotion/styled": "^11.11.0",
      "@headlessui/react": "^1.7.14",
      "@mui/icons-material": "^5.11.16",
      "@mui/material": "^5.13.0",
      "@mui/styled-engine": "^5.12.3",
      "@testing-library/jest-dom": "^5.16.5",
      "@testing-library/react": "^13.4.0",
      "@testing-library/user-event": "^13.5.0",
      "firebase": "^9.22.0",
      "framer-motion": "^10.11.2",
      "razorpay": "^2.9.0",
      "react": "^18.2.0",
      "react-dom": "^18.2.0",
      "react-icons": "^4.8.0",
      "react-loader-spinner": "^5.3.4",
      "react-native-razorpay": "^2.3.0",
      "react-router-dom": "^6.10.0",
      "react-scripts": "5.0.1",
      "stripe": "^12.5.0",
      "web-vitals": "^2.1.4"
    },
    "scripts": {
      "start": "react-scripts start",
      "build": "react-scripts build",
      "test": "react-scripts test",
      "eject": "react-scripts eject"
    },
    "eslintConfig": {
      "extends": [
        "react-app",
        "react-app/jest"
      ]
    },
    "browserslist": {
      "production": [
        ">0.2%",
        "not dead",
        "not op_mini all"
      ],
      "development": [
        "last 1 chrome version",
        "last 1 firefox version",
        "last 1 safari version"
      ]
    },
    "devDependencies": {
      "tailwindcss": "^3.3.1"
    }
  }

yarn manifest: 
  No manifest

Lockfile: 
  No lockfile
